<?xml version="1.0" encoding="UTF-8"?>
<robot generator="Robot 4.1 (Python 3.9.6 on darwin)" generated="20210813 18:51:33.309" rpa="false" schemaversion="2">
<suite id="s1" name="Radio" source="/Users/maicmiller/Documents/GitHub/ValidandoRadioButtons-RobotFramework/web/tests/radio.robot">
<test id="s1-t1" name="CN-1 Selecionando radio button por ID">
<kw name="Nova sessão" library="base" type="SETUP">
<kw name="Open Browser" library="SeleniumLibrary">
<arg>${url}</arg>
<arg>chrome</arg>
<doc>Opens a new browser instance to the optional ``url``.</doc>
<msg timestamp="20210813 18:51:33.675" level="INFO">Opening browser 'chrome' to base url 'https://training-wheels-protocol.herokuapp.com/'.</msg>
<status status="PASS" starttime="20210813 18:51:33.675" endtime="20210813 18:51:37.963"/>
</kw>
<status status="PASS" starttime="20210813 18:51:33.674" endtime="20210813 18:51:37.963"/>
</kw>
<kw name="Go To" library="SeleniumLibrary">
<arg>${url}/radios</arg>
<doc>Navigates the current browser window to the provided ``url``.</doc>
<msg timestamp="20210813 18:51:37.965" level="INFO">Opening url 'https://training-wheels-protocol.herokuapp.com//radios'</msg>
<status status="PASS" starttime="20210813 18:51:37.964" endtime="20210813 18:51:38.271"/>
</kw>
<kw name="Select Radio Button" library="SeleniumLibrary">
<arg>movies</arg>
<arg>cap</arg>
<doc>Sets the radio button group ``group_name`` to ``value``.</doc>
<msg timestamp="20210813 18:51:38.272" level="INFO">Selecting 'cap' from radio button 'movies'.</msg>
<status status="PASS" starttime="20210813 18:51:38.271" endtime="20210813 18:51:38.425"/>
</kw>
<kw name="Radio Button Should Be Set To" library="SeleniumLibrary">
<arg>movies</arg>
<arg>cap</arg>
<doc>Verifies radio button group ``group_name`` is set to ``value``.</doc>
<msg timestamp="20210813 18:51:38.426" level="INFO">Verifying radio button 'movies' has selection 'cap'.</msg>
<status status="PASS" starttime="20210813 18:51:38.425" endtime="20210813 18:51:38.464"/>
</kw>
<kw name="Encerra sessão" library="base" type="TEARDOWN">
<kw name="Capture Page Screenshot" library="SeleniumLibrary">
<doc>Takes a screenshot of the current page and embeds it into a log file.</doc>
<msg timestamp="20210813 18:51:38.665" level="INFO" html="true">&lt;/td&gt;&lt;/tr&gt;&lt;tr&gt;&lt;td colspan="3"&gt;&lt;a href="selenium-screenshot-8.png"&gt;&lt;img src="selenium-screenshot-8.png" width="800px"&gt;&lt;/a&gt;</msg>
<status status="PASS" starttime="20210813 18:51:38.466" endtime="20210813 18:51:38.665"/>
</kw>
<kw name="Close Browser" library="SeleniumLibrary">
<doc>Closes the current browser.</doc>
<status status="PASS" starttime="20210813 18:51:38.666" endtime="20210813 18:51:38.826"/>
</kw>
<status status="PASS" starttime="20210813 18:51:38.465" endtime="20210813 18:51:38.827"/>
</kw>
<status status="PASS" starttime="20210813 18:51:33.672" endtime="20210813 18:51:38.828"/>
</test>
<test id="s1-t2" name="CN-2 Selecionando radio button por Value">
<kw name="Nova sessão" library="base" type="SETUP">
<kw name="Open Browser" library="SeleniumLibrary">
<arg>${url}</arg>
<arg>chrome</arg>
<doc>Opens a new browser instance to the optional ``url``.</doc>
<msg timestamp="20210813 18:51:38.834" level="INFO">Opening browser 'chrome' to base url 'https://training-wheels-protocol.herokuapp.com/'.</msg>
<status status="PASS" starttime="20210813 18:51:38.833" endtime="20210813 18:51:42.892"/>
</kw>
<status status="PASS" starttime="20210813 18:51:38.832" endtime="20210813 18:51:42.894"/>
</kw>
<kw name="Go To" library="SeleniumLibrary">
<arg>${url}/radios</arg>
<doc>Navigates the current browser window to the provided ``url``.</doc>
<msg timestamp="20210813 18:51:42.896" level="INFO">Opening url 'https://training-wheels-protocol.herokuapp.com//radios'</msg>
<status status="PASS" starttime="20210813 18:51:42.895" endtime="20210813 18:51:43.200"/>
</kw>
<kw name="Select Radio Button" library="SeleniumLibrary">
<arg>movies</arg>
<arg>guardians</arg>
<doc>Sets the radio button group ``group_name`` to ``value``.</doc>
<msg timestamp="20210813 18:51:43.202" level="INFO">Selecting 'guardians' from radio button 'movies'.</msg>
<status status="PASS" starttime="20210813 18:51:43.200" endtime="20210813 18:51:43.310"/>
</kw>
<kw name="Radio Button Should Be Set To" library="SeleniumLibrary">
<arg>movies</arg>
<arg>guardians</arg>
<doc>Verifies radio button group ``group_name`` is set to ``value``.</doc>
<msg timestamp="20210813 18:51:43.311" level="INFO">Verifying radio button 'movies' has selection 'guardians'.</msg>
<status status="PASS" starttime="20210813 18:51:43.310" endtime="20210813 18:51:43.391"/>
</kw>
<kw name="Encerra sessão" library="base" type="TEARDOWN">
<kw name="Capture Page Screenshot" library="SeleniumLibrary">
<doc>Takes a screenshot of the current page and embeds it into a log file.</doc>
<msg timestamp="20210813 18:51:43.589" level="INFO" html="true">&lt;/td&gt;&lt;/tr&gt;&lt;tr&gt;&lt;td colspan="3"&gt;&lt;a href="selenium-screenshot-9.png"&gt;&lt;img src="selenium-screenshot-9.png" width="800px"&gt;&lt;/a&gt;</msg>
<status status="PASS" starttime="20210813 18:51:43.392" endtime="20210813 18:51:43.589"/>
</kw>
<kw name="Close Browser" library="SeleniumLibrary">
<doc>Closes the current browser.</doc>
<status status="PASS" starttime="20210813 18:51:43.589" endtime="20210813 18:51:43.732"/>
</kw>
<status status="PASS" starttime="20210813 18:51:43.392" endtime="20210813 18:51:43.733"/>
</kw>
<status status="PASS" starttime="20210813 18:51:38.830" endtime="20210813 18:51:43.733"/>
</test>
<status status="PASS" starttime="20210813 18:51:33.311" endtime="20210813 18:51:43.736"/>
</suite>
<statistics>
<total>
<stat pass="2" fail="0" skip="0">All Tests</stat>
</total>
<tag>
</tag>
<suite>
<stat pass="2" fail="0" skip="0" id="s1" name="Radio">Radio</stat>
</suite>
</statistics>
<errors>
</errors>
</robot>
